[12-Oct-2018 02:38:09 UTC] PHP Warning:  require_once(/home/ubuntu/workspace/content.php): failed to open stream: No such file or directory in /home/ubuntu/workspace/public/index.php on line 1
[12-Oct-2018 02:38:09 UTC] PHP Stack trace:
[12-Oct-2018 02:38:09 UTC] PHP   1. {main}() /home/ubuntu/workspace/public/index.php:0
[12-Oct-2018 02:38:09 UTC] PHP Fatal error:  require_once(): Failed opening required '/home/ubuntu/workspace/content.php' (include_path='.:/usr/share/php:/usr/share/pear') in /home/ubuntu/workspace/public/index.php on line 1
[12-Oct-2018 02:38:09 UTC] PHP Stack trace:
[12-Oct-2018 02:38:09 UTC] PHP   1. {main}() /home/ubuntu/workspace/public/index.php:0
[12-Oct-2018 02:38:17 UTC] PHP Warning:  require_once(../content.php): failed to open stream: No such file or directory in /home/ubuntu/workspace/public/index.php on line 1
[12-Oct-2018 02:38:17 UTC] PHP Stack trace:
[12-Oct-2018 02:38:17 UTC] PHP   1. {main}() /home/ubuntu/workspace/public/index.php:0
[12-Oct-2018 02:38:17 UTC] PHP Fatal error:  require_once(): Failed opening required '../content.php' (include_path='.:/usr/share/php:/usr/share/pear') in /home/ubuntu/workspace/public/index.php on line 1
[12-Oct-2018 02:38:17 UTC] PHP Stack trace:
[12-Oct-2018 02:38:17 UTC] PHP   1. {main}() /home/ubuntu/workspace/public/index.php:0
[12-Oct-2018 17:55:08 UTC] PHP Warning:  require_once(content.php): failed to open stream: No such file or directory in /home/ubuntu/workspace/public/index.php on line 1
[12-Oct-2018 17:55:08 UTC] PHP Stack trace:
[12-Oct-2018 17:55:08 UTC] PHP   1. {main}() /home/ubuntu/workspace/public/index.php:0
[12-Oct-2018 17:55:08 UTC] PHP Fatal error:  require_once(): Failed opening required 'content.php' (include_path='.:/usr/share/php:/usr/share/pear') in /home/ubuntu/workspace/public/index.php on line 1
[12-Oct-2018 17:55:08 UTC] PHP Stack trace:
[12-Oct-2018 17:55:08 UTC] PHP   1. {main}() /home/ubuntu/workspace/public/index.php:0
[12-Oct-2018 17:55:39 UTC] PHP Warning:  require_once(content.php): failed to open stream: No such file or directory in /home/ubuntu/workspace/public/index.php on line 1
[12-Oct-2018 17:55:39 UTC] PHP Stack trace:
[12-Oct-2018 17:55:39 UTC] PHP   1. {main}() /home/ubuntu/workspace/public/index.php:0
[12-Oct-2018 17:55:39 UTC] PHP Fatal error:  require_once(): Failed opening required 'content.php' (include_path='.:/usr/share/php:/usr/share/pear') in /home/ubuntu/workspace/public/index.php on line 1
[12-Oct-2018 17:55:39 UTC] PHP Stack trace:
[12-Oct-2018 17:55:39 UTC] PHP   1. {main}() /home/ubuntu/workspace/public/index.php:0
